<?xml version="1.0" encoding="UTF-8"?>
<!-- Generated by org.testng.reporters.JUnitXMLReporter -->
<testsuite ignored="0" hostname="DESKTOP-H6VPAMH" failures="0" tests="5" name="Test" time="37.247" errors="0" timestamp="2020-11-15T22:03:04 EST">
  <testcase classname="testCases.TestCases" name="EnterInvalidEmail" time="8.654"/>
  <testcase classname="testCases.TestCases" name="verifyDetailsEntered" time="9.7"/>
  <testcase classname="testCases.TestCases" name="verifyPrivacyPolicyPage" time="10.626"/>
  <testcase classname="testCases.TestCases" name="verifySignUpPageDisplay" time="8.215"/>
  <testcase classname="testCases.DateFormat" name="DateFormatChange" time="0.017"/>
</testsuite> <!-- Test -->
